mode: set
github.com/xsdrt/hispeed2/helpers.go:5.59,7.49 2 0
github.com/xsdrt/hispeed2/helpers.go:7.49,9.17 2 0
github.com/xsdrt/hispeed2/helpers.go:9.17,11.4 1 0
github.com/xsdrt/hispeed2/helpers.go:14.2,14.12 1 0
github.com/xsdrt/hispeed2/helpers.go:17.61,19.24 2 0
github.com/xsdrt/hispeed2/helpers.go:19.24,21.17 2 0
github.com/xsdrt/hispeed2/helpers.go:21.17,23.4 1 0
github.com/xsdrt/hispeed2/helpers.go:25.3,25.29 1 0
github.com/xsdrt/hispeed2/helpers.go:25.29,27.4 1 0
github.com/xsdrt/hispeed2/helpers.go:29.2,29.12 1 0
github.com/xsdrt/hispeed2/hispeed2.go:41.47,48.16 3 0
github.com/xsdrt/hispeed2/hispeed2.go:48.16,50.3 1 0
github.com/xsdrt/hispeed2/hispeed2.go:52.2,53.16 2 0
github.com/xsdrt/hispeed2/hispeed2.go:53.16,55.3 1 0
github.com/xsdrt/hispeed2/hispeed2.go:58.2,59.16 2 0
github.com/xsdrt/hispeed2/hispeed2.go:59.16,61.3 1 0
github.com/xsdrt/hispeed2/hispeed2.go:64.2,85.12 12 0
github.com/xsdrt/hispeed2/hispeed2.go:89.44,91.37 2 0
github.com/xsdrt/hispeed2/hispeed2.go:91.37,94.17 2 0
github.com/xsdrt/hispeed2/hispeed2.go:94.17,96.4 1 0
github.com/xsdrt/hispeed2/hispeed2.go:98.2,98.12 1 0
github.com/xsdrt/hispeed2/hispeed2.go:102.37,115.2 4 0
github.com/xsdrt/hispeed2/hispeed2.go:117.51,119.16 2 0
github.com/xsdrt/hispeed2/hispeed2.go:119.16,121.3 1 0
github.com/xsdrt/hispeed2/hispeed2.go:122.2,122.12 1 0
github.com/xsdrt/hispeed2/hispeed2.go:125.61,133.2 5 0
github.com/xsdrt/hispeed2/hispeed2.go:135.37,144.2 2 0
github.com/xsdrt/hispeed2/routes.go:10.42,14.13 4 0
github.com/xsdrt/hispeed2/routes.go:14.13,16.3 1 0
github.com/xsdrt/hispeed2/routes.go:17.2,19.12 2 0
github.com/xsdrt/hispeed2/render/render.go:36.111,37.37 1 1
github.com/xsdrt/hispeed2/render/render.go:38.12,39.36 1 1
github.com/xsdrt/hispeed2/render/render.go:40.13,41.48 1 1
github.com/xsdrt/hispeed2/render/render.go:42.10,42.10 0 1
github.com/xsdrt/hispeed2/render/render.go:45.2,45.52 1 1
github.com/xsdrt/hispeed2/render/render.go:49.102,51.16 2 1
github.com/xsdrt/hispeed2/render/render.go:51.16,53.3 1 1
github.com/xsdrt/hispeed2/render/render.go:55.2,56.17 2 1
github.com/xsdrt/hispeed2/render/render.go:56.17,58.3 1 0
github.com/xsdrt/hispeed2/render/render.go:60.2,61.16 2 1
github.com/xsdrt/hispeed2/render/render.go:61.16,63.3 1 0
github.com/xsdrt/hispeed2/render/render.go:65.2,65.12 1 1
github.com/xsdrt/hispeed2/render/render.go:69.122,72.22 2 1
github.com/xsdrt/hispeed2/render/render.go:72.22,74.3 1 1
github.com/xsdrt/hispeed2/render/render.go:74.8,76.3 1 0
github.com/xsdrt/hispeed2/render/render.go:78.2,79.17 2 1
github.com/xsdrt/hispeed2/render/render.go:79.17,81.3 1 0
github.com/xsdrt/hispeed2/render/render.go:83.2,84.16 2 1
github.com/xsdrt/hispeed2/render/render.go:84.16,87.3 2 1
github.com/xsdrt/hispeed2/render/render.go:89.2,89.46 1 1
github.com/xsdrt/hispeed2/render/render.go:89.46,92.3 2 0
github.com/xsdrt/hispeed2/render/render.go:93.2,93.12 1 1
