mode: set
github.com/xsdrt/hispeed2/helpers.go:5.59,7.49 2 0
github.com/xsdrt/hispeed2/helpers.go:7.49,9.17 2 0
github.com/xsdrt/hispeed2/helpers.go:9.17,11.4 1 0
github.com/xsdrt/hispeed2/helpers.go:14.2,14.12 1 0
github.com/xsdrt/hispeed2/helpers.go:17.61,19.24 2 0
github.com/xsdrt/hispeed2/helpers.go:19.24,21.17 2 0
github.com/xsdrt/hispeed2/helpers.go:21.17,23.4 1 0
github.com/xsdrt/hispeed2/helpers.go:25.3,25.29 1 0
github.com/xsdrt/hispeed2/helpers.go:25.29,27.4 1 0
github.com/xsdrt/hispeed2/helpers.go:29.2,29.12 1 0
github.com/xsdrt/hispeed2/hispeed2.go:46.47,53.16 3 0
github.com/xsdrt/hispeed2/hispeed2.go:53.16,55.3 1 0
github.com/xsdrt/hispeed2/hispeed2.go:57.2,58.16 2 0
github.com/xsdrt/hispeed2/hispeed2.go:58.16,60.3 1 0
github.com/xsdrt/hispeed2/hispeed2.go:63.2,64.16 2 0
github.com/xsdrt/hispeed2/hispeed2.go:64.16,66.3 1 0
github.com/xsdrt/hispeed2/hispeed2.go:69.2,110.12 14 0
github.com/xsdrt/hispeed2/hispeed2.go:114.44,116.37 2 0
github.com/xsdrt/hispeed2/hispeed2.go:116.37,119.17 2 0
github.com/xsdrt/hispeed2/hispeed2.go:119.17,121.4 1 0
github.com/xsdrt/hispeed2/hispeed2.go:123.2,123.12 1 0
github.com/xsdrt/hispeed2/hispeed2.go:127.37,140.2 4 0
github.com/xsdrt/hispeed2/hispeed2.go:142.51,144.16 2 0
github.com/xsdrt/hispeed2/hispeed2.go:144.16,146.3 1 0
github.com/xsdrt/hispeed2/hispeed2.go:147.2,147.12 1 0
github.com/xsdrt/hispeed2/hispeed2.go:150.61,158.2 5 0
github.com/xsdrt/hispeed2/hispeed2.go:160.37,169.2 2 0
github.com/xsdrt/hispeed2/middleware.go:5.64,8.2 2 0
github.com/xsdrt/hispeed2/routes.go:10.42,14.13 4 0
github.com/xsdrt/hispeed2/routes.go:14.13,16.3 1 0
github.com/xsdrt/hispeed2/routes.go:17.2,20.12 3 0
github.com/xsdrt/hispeed2/render/render.go:36.111,37.37 1 1
github.com/xsdrt/hispeed2/render/render.go:38.12,39.36 1 1
github.com/xsdrt/hispeed2/render/render.go:40.13,41.48 1 1
github.com/xsdrt/hispeed2/render/render.go:42.10,42.10 0 1
github.com/xsdrt/hispeed2/render/render.go:45.2,45.52 1 1
github.com/xsdrt/hispeed2/render/render.go:49.102,51.16 2 1
github.com/xsdrt/hispeed2/render/render.go:51.16,53.3 1 1
github.com/xsdrt/hispeed2/render/render.go:55.2,56.17 2 1
github.com/xsdrt/hispeed2/render/render.go:56.17,58.3 1 0
github.com/xsdrt/hispeed2/render/render.go:60.2,61.16 2 1
github.com/xsdrt/hispeed2/render/render.go:61.16,63.3 1 0
github.com/xsdrt/hispeed2/render/render.go:65.2,65.12 1 1
github.com/xsdrt/hispeed2/render/render.go:69.122,72.22 2 1
github.com/xsdrt/hispeed2/render/render.go:72.22,74.3 1 1
github.com/xsdrt/hispeed2/render/render.go:74.8,76.3 1 0
github.com/xsdrt/hispeed2/render/render.go:78.2,79.17 2 1
github.com/xsdrt/hispeed2/render/render.go:79.17,81.3 1 0
github.com/xsdrt/hispeed2/render/render.go:83.2,84.16 2 1
github.com/xsdrt/hispeed2/render/render.go:84.16,87.3 2 1
github.com/xsdrt/hispeed2/render/render.go:89.2,89.46 1 1
github.com/xsdrt/hispeed2/render/render.go:89.46,92.3 2 0
github.com/xsdrt/hispeed2/render/render.go:93.2,93.12 1 1
github.com/xsdrt/hispeed2/session/session.go:22.53,27.16 3 1
github.com/xsdrt/hispeed2/session/session.go:27.16,29.3 1 0
github.com/xsdrt/hispeed2/session/session.go:32.2,32.48 1 1
github.com/xsdrt/hispeed2/session/session.go:32.48,34.3 1 1
github.com/xsdrt/hispeed2/session/session.go:37.2,37.47 1 1
github.com/xsdrt/hispeed2/session/session.go:37.47,39.3 1 0
github.com/xsdrt/hispeed2/session/session.go:42.2,51.40 8 1
github.com/xsdrt/hispeed2/session/session.go:52.15,52.15 0 0
github.com/xsdrt/hispeed2/session/session.go:54.26,54.26 0 0
github.com/xsdrt/hispeed2/session/session.go:56.32,56.32 0 0
github.com/xsdrt/hispeed2/session/session.go:58.10,58.10 0 1
github.com/xsdrt/hispeed2/session/session.go:62.2,62.16 1 1
